[03-01 11:06:44]: ERROR: FlatFile backend has been detected and is now deprecated; it will be changed to SQLite... Connection will be impossible until conversion is done!
[03-01 11:06:44]: SQLite driver loaded
[03-01 11:06:44]: SQLite Setup finished
[03-01 11:06:44]: Database successfully converted from FlatFile to SQLite
[03-01 11:06:45]: Hooked correctly with Essentials
[03-01 11:06:45]: ERROR: WARNING! The protectInventory feature requires ProtocolLib! Disabling it...
[03-01 11:06:46]: AuthMe hooks perfectly with the VeryGames server hosting!
[03-01 11:06:46]: Development builds are available on our jenkins, thanks to f14stelt.
[03-01 11:06:46]: Do you want a good game server? Look at our sponsor GameHosting.it leader in Italy as Game Server Provider!
[03-01 11:06:46]: AuthMe 5.2-SNAPSHOT-b856 correctly enabled!
[03-01 11:10:05]: grzegorz2047 used the wrong password
[03-01 11:10:09]: grzegorz2047 logged in!
[03-01 11:17:49]: SQLite driver loaded
[03-01 11:17:49]: SQLite Setup finished
[03-01 11:17:49]: [LICENSE] This product uses data from the GeoLite API created by MaxMind, available at http://www.maxmind.com
[03-01 11:17:49]: Hooked correctly with Essentials
[03-01 11:17:49]: AuthMe hooks perfectly with the VeryGames server hosting!
[03-01 11:17:49]: Development builds are available on our jenkins, thanks to f14stelt.
[03-01 11:17:49]: Do you want a good game server? Look at our sponsor GameHosting.it leader in Italy as Game Server Provider!
[03-01 11:17:49]: AuthMe 5.2-SNAPSHOT-b856 correctly enabled!
[03-01 11:18:12]: grzegorz2047 logged in!
[03-01 11:29:19]: SQLite driver loaded
[03-01 11:29:19]: SQLite Setup finished
[03-01 11:29:19]: [LICENSE] This product uses data from the GeoLite API created by MaxMind, available at http://www.maxmind.com
[03-01 11:29:20]: Hooked correctly with Essentials
[03-01 11:29:20]: AuthMe hooks perfectly with the VeryGames server hosting!
[03-01 11:29:20]: Development builds are available on our jenkins, thanks to f14stelt.
[03-01 11:29:20]: Do you want a good game server? Look at our sponsor GameHosting.it leader in Italy as Game Server Provider!
[03-01 11:29:20]: AuthMe 5.2-SNAPSHOT-b856 correctly enabled!
[03-01 11:31:23]: SQLite driver loaded
[03-01 11:31:23]: SQLite Setup finished
[03-01 11:31:23]: [LICENSE] This product uses data from the GeoLite API created by MaxMind, available at http://www.maxmind.com
[03-01 11:31:23]: Hooked correctly with Essentials
[03-01 11:31:23]: AuthMe hooks perfectly with the VeryGames server hosting!
[03-01 11:31:23]: Development builds are available on our jenkins, thanks to f14stelt.
[03-01 11:31:23]: Do you want a good game server? Look at our sponsor GameHosting.it leader in Italy as Game Server Provider!
[03-01 11:31:23]: AuthMe 5.2-SNAPSHOT-b856 correctly enabled!
[03-01 11:31:42]: grzegorz2047 logged in!
[03-03 16:27:42]: SQLite driver loaded
[03-03 16:27:42]: SQLite Setup finished
[03-03 16:27:43]: [LICENSE] This product uses data from the GeoLite API created by MaxMind, available at http://www.maxmind.com
[03-03 16:27:43]: Hooked correctly with Essentials
[03-03 16:27:43]: AuthMe hooks perfectly with the VeryGames server hosting!
[03-03 16:27:43]: Development builds are available on our jenkins, thanks to f14stelt.
[03-03 16:27:43]: Do you want a good game server? Look at our sponsor GameHosting.it leader in Italy as Game Server Provider!
[03-03 16:27:43]: AuthMe 5.2-SNAPSHOT-b856 correctly enabled!
[03-03 16:30:15]: grzegorz2047 logged in!
[03-03 16:36:42]: SQLite driver loaded
[03-03 16:36:42]: SQLite Setup finished
[03-03 16:36:42]: [LICENSE] This product uses data from the GeoLite API created by MaxMind, available at http://www.maxmind.com
[03-03 16:36:42]: Hooked correctly with Essentials
[03-03 16:36:43]: AuthMe hooks perfectly with the VeryGames server hosting!
[03-03 16:36:43]: Development builds are available on our jenkins, thanks to f14stelt.
[03-03 16:36:43]: Do you want a good game server? Look at our sponsor GameHosting.it leader in Italy as Game Server Provider!
[03-03 16:36:43]: AuthMe 5.2-SNAPSHOT-b856 correctly enabled!
[03-03 16:54:52]: SQLite driver loaded
[03-03 16:54:52]: SQLite Setup finished
[03-03 16:54:53]: [LICENSE] This product uses data from the GeoLite API created by MaxMind, available at http://www.maxmind.com
[03-03 16:54:53]: Hooked correctly with Essentials
[03-03 16:54:53]: AuthMe hooks perfectly with the VeryGames server hosting!
[03-03 16:54:53]: Development builds are available on our jenkins, thanks to f14stelt.
[03-03 16:54:53]: Do you want a good game server? Look at our sponsor GameHosting.it leader in Italy as Game Server Provider!
[03-03 16:54:53]: AuthMe 5.2-SNAPSHOT-b856 correctly enabled!
[03-03 16:59:02]: SQLite driver loaded
[03-03 16:59:02]: SQLite Setup finished
[03-03 16:59:02]: [LICENSE] This product uses data from the GeoLite API created by MaxMind, available at http://www.maxmind.com
[03-03 16:59:02]: Hooked correctly with Essentials
[03-03 16:59:03]: AuthMe hooks perfectly with the VeryGames server hosting!
[03-03 16:59:03]: Development builds are available on our jenkins, thanks to f14stelt.
[03-03 16:59:03]: Do you want a good game server? Look at our sponsor GameHosting.it leader in Italy as Game Server Provider!
[03-03 16:59:03]: AuthMe 5.2-SNAPSHOT-b856 correctly enabled!
[03-03 16:59:35]: grzegorz2047 logged in!
[03-03 17:08:59]: SQLite driver loaded
[03-03 17:08:59]: SQLite Setup finished
[03-03 17:08:59]: [LICENSE] This product uses data from the GeoLite API created by MaxMind, available at http://www.maxmind.com
[03-03 17:08:59]: Hooked correctly with Essentials
[03-03 17:08:59]: AuthMe hooks perfectly with the VeryGames server hosting!
[03-03 17:08:59]: Development builds are available on our jenkins, thanks to f14stelt.
[03-03 17:08:59]: Do you want a good game server? Look at our sponsor GameHosting.it leader in Italy as Game Server Provider!
[03-03 17:08:59]: AuthMe 5.2-SNAPSHOT-b856 correctly enabled!
[03-03 17:09:13]: grzegorz2047 logged in!
[08-12 20:14:21]: SQLite driver loaded
[08-12 20:14:21]: SQLite Setup finished
[08-12 20:14:21]: [LICENSE] This product uses data from the GeoLite API created by MaxMind, available at http://www.maxmind.com
[08-12 20:14:21]: Hooked correctly with Essentials
[08-12 20:14:22]: AuthMe hooks perfectly with the VeryGames server hosting!
[08-12 20:14:22]: Development builds are available on our jenkins, thanks to f14stelt.
[08-12 20:14:22]: Do you want a good game server? Look at our sponsor GameHosting.it leader in Italy as Game Server Provider!
[08-12 20:14:22]: AuthMe 5.2-SNAPSHOT-b856 correctly enabled!
[08-12 20:15:55]: AuthMe 5.2-SNAPSHOT-b856 disabled!
[08-12 20:15:55]: Waiting for 1 tasks to finish
[08-12 20:24:05]: SQLite driver loaded
[08-12 20:24:05]: SQLite Setup finished
[08-12 20:24:05]: Unhooked from Permissions!
[08-12 20:24:05]: Hooked into Vault!
[08-12 20:24:05]: Hooked successfully into Essentials
[08-12 20:24:05]: [LICENSE] This product uses data from the GeoLite API created by MaxMind, available at http://www.maxmind.com
[08-12 20:24:05]: Development builds are available on our jenkins, thanks to f14stelt.
[08-12 20:24:05]: Do you want a good game server? Look at our sponsor GameHosting.it leader in Italy as Game Server Provider!
[08-12 20:24:05]: AuthMe 5.2-BETA3-b1134 correctly enabled!
[08-12 20:25:36]: AuthMe 5.2-BETA3-b1134 disabled!
[08-12 20:26:02]: SQLite driver loaded
[08-12 20:26:02]: SQLite Setup finished
[08-12 20:26:02]: Unhooked from Permissions!
[08-12 20:26:02]: Hooked into PermissionsEx!
[08-12 20:26:02]: Hooked successfully into Essentials
[08-12 20:26:02]: [LICENSE] This product uses data from the GeoLite API created by MaxMind, available at http://www.maxmind.com
[08-12 20:26:02]: Development builds are available on our jenkins, thanks to f14stelt.
[08-12 20:26:02]: Do you want a good game server? Look at our sponsor GameHosting.it leader in Italy as Game Server Provider!
[08-12 20:26:02]: AuthMe 5.2-BETA3-b1134 correctly enabled!
[08-12 20:26:49]: Debug: Craft Scheduler Thread - 5:REMOVE PLAYER grzegorz2047
[08-12 20:26:49]: Debug: Craft Scheduler Thread - 4:REMOVE PLAYER grzegorz2047
[08-12 20:29:06]: grzegorz2047 used the wrong password
[08-12 20:29:12]: Debug: AuthMe-CacheLoader:REFRESH grzegorz2047
[08-12 20:29:12]: grzegorz2047 logged in!
[08-12 20:29:12]: Debug: Craft Scheduler Thread - 7:ADDED PLAYER TO CACHE grzegorz2047
[08-12 20:30:12]: Debug: Craft Scheduler Thread - 8:REMOVE PLAYER grzegorz2047
[08-12 20:30:12]: Debug: AuthMe-CacheLoader:REFRESH grzegorz2047
[08-12 20:32:02]: Debug: AuthMe-CacheLoader:REFRESH grzegorz2047
[08-12 20:32:02]: grzegorz2047 logged in!
[08-12 20:32:02]: Debug: Craft Scheduler Thread - 9:ADDED PLAYER TO CACHE grzegorz2047
[08-12 20:38:52]: Debug: Craft Scheduler Thread - 12:REMOVE PLAYER grzegorz2047
[08-12 20:38:52]: Debug: AuthMe-CacheLoader:REFRESH grzegorz2047
[08-12 20:49:18]: SQLite driver loaded
[08-12 20:49:18]: SQLite Setup finished
[08-12 20:49:18]: Unhooked from Permissions!
[08-12 20:49:18]: Hooked into PermissionsEx!
[08-12 20:49:18]: Hooked successfully into Essentials
[08-12 20:49:18]: [LICENSE] This product uses data from the GeoLite API created by MaxMind, available at http://www.maxmind.com
[08-12 20:49:18]: Development builds are available on our jenkins, thanks to f14stelt.
[08-12 20:49:18]: Do you want a good game server? Look at our sponsor GameHosting.it leader in Italy as Game Server Provider!
[08-12 20:49:18]: AuthMe 5.2-BETA3-b1134 correctly enabled!
[08-12 20:49:59]: Debug: AuthMe-CacheLoader:REFRESH grzegorz2047
[08-12 20:49:59]: grzegorz2047 logged in!
[08-12 20:49:59]: Debug: Craft Scheduler Thread - 7:ADDED PLAYER TO CACHE grzegorz2047
[08-12 20:52:25]: Debug: Server thread:REMOVE PLAYER grzegorz2047
[08-12 20:52:25]: AuthMe 5.2-BETA3-b1134 disabled!
[08-12 20:52:45]: SQLite driver loaded
[08-12 20:52:45]: SQLite Setup finished
[08-12 20:52:45]: Unhooked from Permissions!
[08-12 20:52:45]: Hooked into PermissionsEx!
[08-12 20:52:45]: Hooked successfully into Essentials
[08-12 20:52:45]: [LICENSE] This product uses data from the GeoLite API created by MaxMind, available at http://www.maxmind.com
[08-12 20:52:45]: Development builds are available on our jenkins, thanks to f14stelt.
[08-12 20:52:45]: Do you want a good game server? Look at our sponsor GameHosting.it leader in Italy as Game Server Provider!
[08-12 20:52:45]: AuthMe 5.2-BETA3-b1134 correctly enabled!
[08-12 20:52:56]: Debug: AuthMe-CacheLoader:REFRESH grzegorz2047
[08-12 20:52:56]: grzegorz2047 logged in!
[08-12 20:52:56]: Debug: Craft Scheduler Thread - 5:ADDED PLAYER TO CACHE grzegorz2047
[03-18 13:27:14]: SQLite driver loaded
[03-18 13:27:14]: SQLite Setup finished
[03-18 13:27:14]: Unhooked from Permissions!
[03-18 13:27:14]: Hooked into PermissionsEx!
[03-18 13:27:14]: Hooked successfully into Essentials
[03-18 13:27:15]: [LICENSE] This product uses data from the GeoLite API created by MaxMind, available at http://www.maxmind.com
[03-18 13:27:15]: Development builds are available on our jenkins, thanks to f14stelt.
[03-18 13:27:15]: Do you want a good game server? Look at our sponsor GameHosting.it leader in Italy as Game Server Provider!
[03-18 13:27:15]: AuthMe 5.2-BETA3-b1134 correctly enabled!
[03-18 13:37:51]: SQLite driver loaded
[03-18 13:37:52]: SQLite Setup finished
[03-18 13:37:52]: Unhooked from Permissions!
[03-18 13:37:52]: Hooked into PermissionsEx!
[03-18 13:37:52]: Hooked successfully into Essentials
[03-18 13:37:52]: [LICENSE] This product uses data from the GeoLite API created by MaxMind, available at http://www.maxmind.com
[03-18 13:37:52]: Development builds are available on our jenkins, thanks to f14stelt.
[03-18 13:37:52]: Do you want a good game server? Look at our sponsor GameHosting.it leader in Italy as Game Server Provider!
[03-18 13:37:52]: AuthMe 5.2-BETA3-b1134 correctly enabled!
[03-18 13:42:37]: AuthMe 5.2-BETA3-b1134 disabled!
[03-18 13:43:21]: SQLite driver loaded
[03-18 13:43:21]: SQLite Setup finished
[03-18 13:43:21]: Unhooked from Permissions!
[03-18 13:43:21]: Hooked into PermissionsEx!
[03-18 13:43:21]: Hooked successfully into Essentials
[03-18 13:43:22]: [LICENSE] This product uses data from the GeoLite API created by MaxMind, available at http://www.maxmind.com
[03-18 13:43:22]: Development builds are available on our jenkins, thanks to f14stelt.
[03-18 13:43:22]: Do you want a good game server? Look at our sponsor GameHosting.it leader in Italy as Game Server Provider!
[03-18 13:43:22]: AuthMe 5.2-BETA3-b1134 correctly enabled!
[03-18 13:43:47]: AuthMe 5.2-BETA3-b1134 disabled!
[03-18 13:44:25]: SQLite driver loaded
[03-18 13:44:25]: SQLite Setup finished
[03-18 13:44:25]: Unhooked from Permissions!
[03-18 13:44:25]: Hooked into PermissionsEx!
[03-18 13:44:25]: Hooked successfully into Essentials
[03-18 13:44:25]: [LICENSE] This product uses data from the GeoLite API created by MaxMind, available at http://www.maxmind.com
[03-18 13:44:25]: Development builds are available on our jenkins, thanks to f14stelt.
[03-18 13:44:25]: Do you want a good game server? Look at our sponsor GameHosting.it leader in Italy as Game Server Provider!
[03-18 13:44:25]: AuthMe 5.2-BETA3-b1134 correctly enabled!
[03-18 13:45:11]: grzegorz2047 used the wrong password
[03-18 13:45:16]: Debug: AuthMe-CacheLoader:REFRESH grzegorz2047
[03-18 13:45:16]: grzegorz2047 logged in!
[03-18 13:45:16]: Debug: Craft Scheduler Thread - 13:ADDED PLAYER TO CACHE grzegorz2047
[03-18 13:56:06]: Debug: Server thread:REMOVE PLAYER grzegorz2047
[03-18 13:56:06]: AuthMe 5.2-BETA3-b1134 disabled!
[03-18 13:56:43]: SQLite driver loaded
[03-18 13:56:43]: SQLite Setup finished
[03-18 13:56:43]: Unhooked from Permissions!
[03-18 13:56:43]: Hooked into PermissionsEx!
[03-18 13:56:43]: Hooked successfully into Essentials
[03-18 13:56:43]: [LICENSE] This product uses data from the GeoLite API created by MaxMind, available at http://www.maxmind.com
[03-18 13:56:43]: Development builds are available on our jenkins, thanks to f14stelt.
[03-18 13:56:43]: Do you want a good game server? Look at our sponsor GameHosting.it leader in Italy as Game Server Provider!
[03-18 13:56:43]: AuthMe 5.2-BETA3-b1134 correctly enabled!
[03-18 13:56:58]: grzegorz2047 logged in!
[03-18 13:56:57]: Debug: AuthMe-CacheLoader:REFRESH grzegorz2047
[03-18 13:56:58]: Debug: Craft Scheduler Thread - 11:ADDED PLAYER TO CACHE grzegorz2047
[03-18 13:58:30]: Debug: Craft Scheduler Thread - 9:REMOVE PLAYER grzegorz2047
[03-18 13:58:30]: Debug: AuthMe-CacheLoader:REFRESH grzegorz2047
[03-18 13:58:42]: Debug: AuthMe-CacheLoader:REFRESH grzegorz2047
[03-18 13:58:42]: grzegorz2047 logged in!
[03-18 13:58:42]: Debug: Craft Scheduler Thread - 8:ADDED PLAYER TO CACHE grzegorz2047
[03-18 14:01:55]: Debug: Craft Scheduler Thread - 3:REMOVE PLAYER grzegorz2047
[03-18 14:01:55]: Debug: AuthMe-CacheLoader:REFRESH grzegorz2047
[03-18 14:02:10]: Debug: AuthMe-CacheLoader:REFRESH grzegorz2047
[03-18 14:02:10]: grzegorz2047 logged in!
[03-18 14:02:10]: Debug: Craft Scheduler Thread - 14:ADDED PLAYER TO CACHE grzegorz2047
[03-18 14:05:53]: Debug: Craft Scheduler Thread - 15:REMOVE PLAYER grzegorz2047
[03-18 14:05:53]: Debug: AuthMe-CacheLoader:REFRESH grzegorz2047
[03-18 14:06:06]: Debug: AuthMe-CacheLoader:REFRESH grzegorz2047
[03-18 14:06:06]: grzegorz2047 logged in!
[03-18 14:06:06]: Debug: Craft Scheduler Thread - 15:ADDED PLAYER TO CACHE grzegorz2047
[03-18 14:06:14]: Debug: Server thread:REMOVE PLAYER grzegorz2047
[03-18 14:06:14]: AuthMe 5.2-BETA3-b1134 disabled!
[03-18 14:06:50]: SQLite driver loaded
[03-18 14:06:50]: SQLite Setup finished
[03-18 14:06:50]: Unhooked from Permissions!
[03-18 14:06:50]: Hooked into PermissionsEx!
[03-18 14:06:50]: Hooked successfully into Essentials
[03-18 14:06:50]: [LICENSE] This product uses data from the GeoLite API created by MaxMind, available at http://www.maxmind.com
[03-18 14:06:50]: Development builds are available on our jenkins, thanks to f14stelt.
[03-18 14:06:50]: Do you want a good game server? Look at our sponsor GameHosting.it leader in Italy as Game Server Provider!
[03-18 14:06:50]: AuthMe 5.2-BETA3-b1134 correctly enabled!
[03-18 14:07:05]: Debug: AuthMe-CacheLoader:REFRESH grzegorz2047
[03-18 14:07:05]: grzegorz2047 logged in!
[03-18 14:07:05]: Debug: Craft Scheduler Thread - 2:ADDED PLAYER TO CACHE grzegorz2047
[03-18 14:09:11]: Debug: Server thread:REMOVE PLAYER grzegorz2047
[03-18 14:09:11]: AuthMe 5.2-BETA3-b1134 disabled!
[03-18 14:11:53]: SQLite driver loaded
[03-18 14:11:53]: SQLite Setup finished
[03-18 14:11:53]: Unhooked from Permissions!
[03-18 14:11:53]: Hooked into PermissionsEx!
[03-18 14:11:53]: Hooked successfully into Essentials
[03-18 14:11:53]: [LICENSE] This product uses data from the GeoLite API created by MaxMind, available at http://www.maxmind.com
[03-18 14:11:53]: Development builds are available on our jenkins, thanks to f14stelt.
[03-18 14:11:53]: Do you want a good game server? Look at our sponsor GameHosting.it leader in Italy as Game Server Provider!
[03-18 14:11:53]: AuthMe 5.2-BETA3-b1134 correctly enabled!
[03-18 14:13:59]: Debug: AuthMe-CacheLoader:REFRESH grzegorz2047
[03-18 14:13:59]: grzegorz2047 logged in!
[03-18 14:13:59]: Debug: Craft Scheduler Thread - 12:ADDED PLAYER TO CACHE grzegorz2047
[03-18 14:22:28]: Debug: Server thread:REMOVE PLAYER grzegorz2047
[03-18 14:22:28]: AuthMe 5.2-BETA3-b1134 disabled!
[03-18 14:23:07]: SQLite driver loaded
[03-18 14:23:07]: SQLite Setup finished
[03-18 14:23:07]: Unhooked from Permissions!
[03-18 14:23:07]: Hooked into PermissionsEx!
[03-18 14:23:07]: Hooked successfully into Essentials
[03-18 14:23:07]: [LICENSE] This product uses data from the GeoLite API created by MaxMind, available at http://www.maxmind.com
[03-18 14:23:07]: Development builds are available on our jenkins, thanks to f14stelt.
[03-18 14:23:07]: Do you want a good game server? Look at our sponsor GameHosting.it leader in Italy as Game Server Provider!
[03-18 14:23:07]: AuthMe 5.2-BETA3-b1134 correctly enabled!
[03-18 14:23:36]: Debug: AuthMe-CacheLoader:REFRESH grzegorz2047
[03-18 14:23:36]: grzegorz2047 logged in!
[03-18 14:23:36]: Debug: Craft Scheduler Thread - 9:ADDED PLAYER TO CACHE grzegorz2047
[03-18 14:26:11]: Debug: Server thread:REMOVE PLAYER grzegorz2047
[03-18 14:26:11]: AuthMe 5.2-BETA3-b1134 disabled!
[03-18 14:26:17]: SQLite driver loaded
[03-18 14:26:17]: SQLite Setup finished
[03-18 14:26:17]: Unhooked from Permissions!
[03-18 14:26:17]: Hooked into PermissionsEx!
[03-18 14:26:17]: Hooked successfully into Essentials
[03-18 14:26:18]: [LICENSE] This product uses data from the GeoLite API created by MaxMind, available at http://www.maxmind.com
[03-18 14:26:18]: Development builds are available on our jenkins, thanks to f14stelt.
[03-18 14:26:18]: Do you want a good game server? Look at our sponsor GameHosting.it leader in Italy as Game Server Provider!
[03-18 14:26:18]: AuthMe 5.2-BETA3-b1134 correctly enabled!
[03-18 14:26:37]: Debug: AuthMe-CacheLoader:REFRESH grzegorz2047
[03-18 14:26:37]: grzegorz2047 logged in!
[03-18 14:26:37]: Debug: Craft Scheduler Thread - 12:ADDED PLAYER TO CACHE grzegorz2047
[03-18 14:33:45]: Debug: Server thread:REMOVE PLAYER grzegorz2047
[03-18 14:33:45]: AuthMe 5.2-BETA3-b1134 disabled!
[03-18 14:35:07]: SQLite driver loaded
[03-18 14:35:07]: SQLite Setup finished
[03-18 14:35:07]: Unhooked from Permissions!
[03-18 14:35:07]: Hooked into Vault!
[03-18 14:35:07]: Hooked successfully into Essentials
[03-18 14:35:07]: [LICENSE] This product uses data from the GeoLite API created by MaxMind, available at http://www.maxmind.com
[03-18 14:35:07]: Development builds are available on our jenkins, thanks to f14stelt.
[03-18 14:35:07]: Do you want a good game server? Look at our sponsor GameHosting.it leader in Italy as Game Server Provider!
[03-18 14:35:07]: AuthMe 5.2-BETA3-b1134 correctly enabled!
[03-18 14:35:31]: Debug: AuthMe-CacheLoader:REFRESH grzegorz2047
[03-18 14:35:31]: grzegorz2047 logged in!
[03-18 14:35:31]: Debug: Craft Scheduler Thread - 2:ADDED PLAYER TO CACHE grzegorz2047
[03-18 14:38:55]: Debug: Craft Scheduler Thread - 8:REMOVE PLAYER grzegorz2047
[03-18 14:38:55]: Debug: AuthMe-CacheLoader:REFRESH grzegorz2047
[03-18 14:39:05]: Debug: AuthMe-CacheLoader:REFRESH grzegorz2047
[03-18 14:39:05]: grzegorz2047 logged in!
[03-18 14:39:05]: Debug: Craft Scheduler Thread - 9:ADDED PLAYER TO CACHE grzegorz2047
[03-18 14:40:37]: Debug: Server thread:REMOVE PLAYER grzegorz2047
[03-18 14:40:37]: AuthMe 5.2-BETA3-b1134 disabled!
[03-18 14:41:28]: SQLite driver loaded
[03-18 14:41:28]: SQLite Setup finished
[03-18 14:41:28]: Unhooked from Permissions!
[03-18 14:41:28]: Hooked into Vault!
[03-18 14:41:28]: Hooked successfully into Essentials
[03-18 14:41:28]: [LICENSE] This product uses data from the GeoLite API created by MaxMind, available at http://www.maxmind.com
[03-18 14:41:28]: Development builds are available on our jenkins, thanks to f14stelt.
[03-18 14:41:28]: Do you want a good game server? Look at our sponsor GameHosting.it leader in Italy as Game Server Provider!
[03-18 14:41:28]: AuthMe 5.2-BETA3-b1134 correctly enabled!
[03-18 14:41:47]: Debug: AuthMe-CacheLoader:REFRESH grzegorz2047
[03-18 14:41:47]: grzegorz2047 logged in!
[03-18 14:41:47]: Debug: Craft Scheduler Thread - 3:ADDED PLAYER TO CACHE grzegorz2047
[03-18 14:44:25]: Debug: Server thread:REMOVE PLAYER grzegorz2047
[03-18 14:44:25]: AuthMe 5.2-BETA3-b1134 disabled!
[03-18 14:44:32]: SQLite driver loaded
[03-18 14:44:32]: SQLite Setup finished
[03-18 14:44:32]: Unhooked from Permissions!
[03-18 14:44:32]: Hooked into Vault!
[03-18 14:44:32]: Hooked successfully into Essentials
[03-18 14:44:32]: [LICENSE] This product uses data from the GeoLite API created by MaxMind, available at http://www.maxmind.com
[03-18 14:44:32]: Development builds are available on our jenkins, thanks to f14stelt.
[03-18 14:44:32]: Do you want a good game server? Look at our sponsor GameHosting.it leader in Italy as Game Server Provider!
[03-18 14:44:32]: AuthMe 5.2-BETA3-b1134 correctly enabled!
[03-18 14:44:42]: Debug: AuthMe-CacheLoader:REFRESH grzegorz2047
[03-18 14:44:42]: grzegorz2047 logged in!
[03-18 14:44:42]: Debug: Craft Scheduler Thread - 11:ADDED PLAYER TO CACHE grzegorz2047
[03-18 14:44:51]: Debug: Craft Scheduler Thread - 11:REMOVE PLAYER grzegorz2047
[03-18 14:44:51]: Debug: AuthMe-CacheLoader:REFRESH grzegorz2047
[03-18 14:44:55]: AuthMe 5.2-BETA3-b1134 disabled!
[03-18 14:45:52]: SQLite driver loaded
[03-18 14:45:53]: SQLite Setup finished
[03-18 14:45:53]: Unhooked from Permissions!
[03-18 14:45:53]: Hooked into Vault!
[03-18 14:45:53]: Hooked successfully into Essentials
[03-18 14:45:53]: [LICENSE] This product uses data from the GeoLite API created by MaxMind, available at http://www.maxmind.com
[03-18 14:45:53]: Development builds are available on our jenkins, thanks to f14stelt.
[03-18 14:45:53]: Do you want a good game server? Look at our sponsor GameHosting.it leader in Italy as Game Server Provider!
[03-18 14:45:53]: AuthMe 5.2-BETA3-b1134 correctly enabled!
[03-18 14:46:06]: grzegorz2047 logged in!
[03-18 14:46:06]: Debug: AuthMe-CacheLoader:REFRESH grzegorz2047
[03-18 14:46:06]: Debug: Craft Scheduler Thread - 9:ADDED PLAYER TO CACHE grzegorz2047
[03-18 14:49:43]: Debug: Server thread:REMOVE PLAYER grzegorz2047
[03-18 14:49:43]: AuthMe 5.2-BETA3-b1134 disabled!
[03-18 15:52:44]: SQLite driver loaded
[03-18 15:52:44]: SQLite Setup finished
[03-18 15:52:44]: Unhooked from Permissions!
[03-18 15:52:44]: Hooked into Vault!
[03-18 15:52:44]: Hooked successfully into Essentials
[03-18 15:52:44]: [LICENSE] This product uses data from the GeoLite API created by MaxMind, available at http://www.maxmind.com
[03-18 15:52:44]: Development builds are available on our jenkins, thanks to f14stelt.
[03-18 15:52:44]: Do you want a good game server? Look at our sponsor GameHosting.it leader in Italy as Game Server Provider!
[03-18 15:52:44]: AuthMe 5.2-BETA3-b1134 correctly enabled!
[06-28 18:23:29]: SQLite driver loaded
[06-28 18:23:31]: SQLite Setup finished
[06-28 18:23:31]: Unhooked from Permissions!
[06-28 18:23:31]: Hooked into Vault!
[06-28 18:23:31]: Hooked successfully into Essentials
[06-28 18:23:31]: Development builds are available on our jenkins, thanks to f14stelt.
[06-28 18:23:31]: Do you want a good game server? Look at our sponsor GameHosting.it leader in Italy as Game Server Provider!
[06-28 18:23:31]: AuthMe 5.2-BETA3-b1134 correctly enabled!
[06-28 18:26:19]: SQLite driver loaded
[06-28 18:26:24]: SQLite Setup finished
[06-28 18:26:24]: Unhooked from Permissions!
[06-28 18:26:24]: Hooked into Vault!
[06-28 18:26:24]: Hooked successfully into Essentials
[06-28 18:26:24]: [LICENSE] This product uses data from the GeoLite API created by MaxMind, available at http://www.maxmind.com
[06-28 18:26:24]: Development builds are available on our jenkins, thanks to f14stelt.
[06-28 18:26:24]: Do you want a good game server? Look at our sponsor GameHosting.it leader in Italy as Game Server Provider!
[06-28 18:26:24]: AuthMe 5.2-BETA3-b1134 correctly enabled!
[06-28 18:38:57]: [INFO] SQLite driver loaded
[06-28 18:38:57]: [INFO] SQLite Setup finished
[06-28 18:38:57]: [INFO] Hooked into Vault!
[06-28 18:38:57]: [INFO] [LICENSE] This product uses data from the GeoLite API created by MaxMind, available at http://www.maxmind.com
[06-28 18:38:57]: [INFO] Hooked successfully into Essentials
[06-28 18:38:58]: [INFO] Development builds are available on our jenkins, thanks to f14stelt.
[06-28 18:38:58]: [INFO] Do you want a good game server? Look at our sponsor GameHosting.it leader in Italy as Game Server Provider!
[06-28 18:38:58]: [INFO] AuthMe 5.3.1 build n.1702 correctly enabled!
[06-28 18:49:15]: [FINE] grzegorz2047 used the wrong password
[06-28 18:49:21]: [FINE] grzegorz2047 logged in!
[06-28 19:31:03]: [INFO] SQLite driver loaded
[06-28 19:31:03]: [INFO] SQLite Setup finished
[06-28 19:31:03]: [INFO] Hooked into Vault!
[06-28 19:31:04]: [INFO] [LICENSE] This product uses data from the GeoLite API created by MaxMind, available at http://www.maxmind.com
[06-28 19:31:04]: [INFO] Hooked successfully into Essentials
[06-28 19:31:04]: [INFO] Development builds are available on our jenkins, thanks to f14stelt.
[06-28 19:31:04]: [INFO] Do you want a good game server? Look at our sponsor GameHosting.it leader in Italy as Game Server Provider!
[06-28 19:31:04]: [INFO] AuthMe 5.3.1 build n.1702 correctly enabled!
[06-28 19:46:21]: [INFO] SQLite driver loaded
[06-28 19:46:21]: [INFO] SQLite Setup finished
[06-28 19:46:21]: [INFO] Hooked into Vault!
[06-28 19:46:21]: [INFO] [LICENSE] This product uses data from the GeoLite API created by MaxMind, available at http://www.maxmind.com
[06-28 19:46:21]: [INFO] Hooked successfully into Essentials
[06-28 19:46:21]: [INFO] Development builds are available on our jenkins, thanks to f14stelt.
[06-28 19:46:21]: [INFO] Do you want a good game server? Look at our sponsor GameHosting.it leader in Italy as Game Server Provider!
[06-28 19:46:21]: [INFO] AuthMe 5.3.1 build n.1702 correctly enabled!
