Sat Mar 18 13:57:26 CET 2017: (Console): [U] ca5a32c7-d82b-3e7b-bbe4-a07a0e9c43ac (grzegorz2047) --> parent set admin
Sat Mar 18 14:01:42 CET 2017: (Console): [G] (admin) --> meta addprefix 100 "&2[Admin]&6 "
Sat Mar 18 14:04:15 CET 2017: (Console): [U] ca5a32c7-d82b-3e7b-bbe4-a07a0e9c43ac (grzegorz2047) --> parent set admin global
Sat Mar 18 14:04:32 CET 2017: (Console): [U] ca5a32c7-d82b-3e7b-bbe4-a07a0e9c43ac (grzegorz2047) --> parent set admin global world
Sat Mar 18 14:07:25 CET 2017: (Console): [U] ca5a32c7-d82b-3e7b-bbe4-a07a0e9c43ac (grzegorz2047) --> parent set admin world
Sat Mar 18 14:07:34 CET 2017: (Console): [U] ca5a32c7-d82b-3e7b-bbe4-a07a0e9c43ac (grzegorz2047) --> parent set admin world world
Sat Mar 18 14:15:03 CET 2017: (Console): [U] ca5a32c7-d82b-3e7b-bbe4-a07a0e9c43ac (grzegorz2047) --> parent set admin global world
Sat Mar 18 14:20:18 CET 2017: (Console): [U] ca5a32c7-d82b-3e7b-bbe4-a07a0e9c43ac (grzegorz2047) --> parent set admin
Sat Mar 18 14:21:05 CET 2017: (Console): [U] ca5a32c7-d82b-3e7b-bbe4-a07a0e9c43ac (grzegorz2047) --> parent set admin global world
Sat Mar 18 14:21:38 CET 2017: (Console): [U] ca5a32c7-d82b-3e7b-bbe4-a07a0e9c43ac (grzegorz2047) --> parent set admin
Sat Mar 18 14:24:52 CET 2017: (Console): [U] ca5a32c7-d82b-3e7b-bbe4-a07a0e9c43ac (grzegorz2047) --> parent set admin
Sat Mar 18 14:28:19 CET 2017: ca5a32c7-d82b-3e7b-bbe4-a07a0e9c43ac (grzegorz2047): [U] ca5a32c7-d82b-3e7b-bbe4-a07a0e9c43ac (grzegorz2047) --> parent set moderator
Sat Mar 18 14:28:31 CET 2017: ca5a32c7-d82b-3e7b-bbe4-a07a0e9c43ac (grzegorz2047): [U] ca5a32c7-d82b-3e7b-bbe4-a07a0e9c43ac (grzegorz2047) --> parent add admin
Sat Mar 18 14:35:50 CET 2017: ca5a32c7-d82b-3e7b-bbe4-a07a0e9c43ac (grzegorz2047): [U] ca5a32c7-d82b-3e7b-bbe4-a07a0e9c43ac (grzegorz2047) --> parent set admin
Sat Mar 18 14:36:10 CET 2017: ca5a32c7-d82b-3e7b-bbe4-a07a0e9c43ac (grzegorz2047): [U] ca5a32c7-d82b-3e7b-bbe4-a07a0e9c43ac (grzegorz2047) --> parent set gracz
Sat Mar 18 14:36:15 CET 2017: ca5a32c7-d82b-3e7b-bbe4-a07a0e9c43ac (grzegorz2047): [U] ca5a32c7-d82b-3e7b-bbe4-a07a0e9c43ac (grzegorz2047) --> parent set admin
Sat Mar 18 14:36:28 CET 2017: ca5a32c7-d82b-3e7b-bbe4-a07a0e9c43ac (grzegorz2047): [U] ca5a32c7-d82b-3e7b-bbe4-a07a0e9c43ac (grzegorz2047) --> parent set gracz
Sat Mar 18 14:39:33 CET 2017: (Console): [U] ca5a32c7-d82b-3e7b-bbe4-a07a0e9c43ac (grzegorz2047) --> parent set admin
Sat Mar 18 14:48:04 CET 2017: ca5a32c7-d82b-3e7b-bbe4-a07a0e9c43ac (grzegorz2047): [U] ca5a32c7-d82b-3e7b-bbe4-a07a0e9c43ac (grzegorz2047) --> parent set moderator
Sat Mar 18 17:13:47 CET 2017: (Console): [U] ca5a32c7-d82b-3e7b-bbe4-a07a0e9c43ac (grzegorz2047) --> parent set gracz
Sat Mar 18 17:15:48 CET 2017: (Console): [U] ca5a32c7-d82b-3e7b-bbe4-a07a0e9c43ac (grzegorz2047) --> parent set default
